0 info it worked if it ends with ok
1 verbose cli [ '/Users/vwrobel/.nvm/versions/node/v6.8.1/bin/node',
1 verbose cli   '/Users/vwrobel/.nvm/versions/node/v6.8.1/bin/npm',
1 verbose cli   'run',
1 verbose cli   'dev' ]
2 info using npm@3.10.8
3 info using node@v6.8.1
4 verbose config Skipping project config: /Users/vwrobel/.npmrc. (matches userconfig)
5 verbose stack Error: ENOENT: no such file or directory, open '/Users/vwrobel/package.json'
5 verbose stack     at Error (native)
6 verbose cwd /Users/vwrobel/Projets/scopethis/code/ui
7 error Darwin 16.1.0
8 error argv "/Users/vwrobel/.nvm/versions/node/v6.8.1/bin/node" "/Users/vwrobel/.nvm/versions/node/v6.8.1/bin/npm" "run" "dev"
9 error node v6.8.1
10 error npm  v3.10.8
11 error path /Users/vwrobel/package.json
12 error code ENOENT
13 error errno -2
14 error syscall open
15 error enoent ENOENT: no such file or directory, open '/Users/vwrobel/package.json'
16 error enoent ENOENT: no such file or directory, open '/Users/vwrobel/package.json'
16 error enoent This is most likely not a problem with npm itself
16 error enoent and is related to npm not being able to find a file.
17 verbose exit [ -2, true ]
